<?xml version="1.0" encoding="UTF-8"?>
<!-- Generated by org.testng.reporters.JUnitXMLReporter -->
<testsuite ignored="1" hostname="DESKTOP-6CROEQF" failures="0" tests="1" name="Error Validation Test" time="4.933" errors="0" timestamp="2025-04-18T18:22:05 EDT">
  <testcase classname="AutomationTestingPractice.ErrorValidationsTest" name="loginErrorValidation" time="0.734"/>
  <testcase classname="AutomationTestingPractice.ErrorValidationsTest" name="productErrorValidation" time="0.0">
    <ignored/>
  </testcase> <!-- productErrorValidation -->
</testsuite> <!-- Error Validation Test -->
