<?xml version="1.0" encoding="UTF-8"?>
<!-- Generated by org.testng.reporters.JUnitXMLReporter -->
<testsuite ignored="0" hostname="DESKTOP-6CROEQF" failures="0" tests="2" name="Error Validation Test" time="16.078" errors="0" timestamp="2025-04-09T01:42:05 EDT">
  <testcase classname="AutomationTestingPractice.ErrorValidationsTest" name="loginErrorValidation" time="0.816"/>
  <testcase classname="AutomationTestingPractice.ErrorValidationsTest" name="productErrorValidation" time="4.15"/>
</testsuite> <!-- Error Validation Test -->
