<?xml version="1.0" encoding="UTF-8"?>
<!-- Generated by org.testng.reporters.JUnitXMLReporter -->
<testsuite ignored="0" hostname="DESKTOP-6CROEQF" failures="0" tests="3" name="Submit Order Test" time="28.861" errors="0" timestamp="2025-04-09T01:42:17 EDT">
  <testcase classname="AutomationTestingPractice.SubmitOrderTest" name="submitOrder" time="5.716"/>
  <testcase classname="AutomationTestingPractice.SubmitOrderTest" name="submitOrder" time="5.49"/>
  <testcase classname="AutomationTestingPractice.SubmitOrderTest" name="OrderHistoryTest" time="1.392"/>
</testsuite> <!-- Submit Order Test -->
