<?xml version="1.0" encoding="UTF-8"?>
<testng-results ignored="3" total="4" passed="1" failed="0" skipped="0">
  <reporter-output>
  </reporter-output>
  <suite started-at="2025-04-18T18:22:00 EDT" name="Suite" finished-at="2025-04-18T18:22:05 EDT" duration-ms="4933">
    <groups>
      <group name="ErrorHandling">
        <method signature="ErrorValidationsTest.loginErrorValidation()[pri:0, instance:AutomationTestingPractice.ErrorValidationsTest@561b6512]" name="loginErrorValidation" class="AutomationTestingPractice.ErrorValidationsTest"/>
      </group> <!-- ErrorHandling -->
    </groups>
    <test started-at="2025-04-18T18:22:00 EDT" name="Submit Order Test" finished-at="2025-04-18T18:22:00 EDT" duration-ms="9">
    </test> <!-- Submit Order Test -->
    <test started-at="2025-04-18T18:22:00 EDT" name="Error Validation Test" finished-at="2025-04-18T18:22:05 EDT" duration-ms="4933">
      <class name="AutomationTestingPractice.ErrorValidationsTest">
        <test-method is-config="true" signature="launchApplication()[pri:0, instance:AutomationTestingPractice.ErrorValidationsTest@561b6512]" started-at="2025-04-18T18:22:00 EDT" name="launchApplication" finished-at="2025-04-18T18:22:04 EDT" duration-ms="4066" status="PASS">
          <reporter-output>
          </reporter-output>
        </test-method> <!-- launchApplication -->
        <test-method signature="loginErrorValidation()[pri:0, instance:AutomationTestingPractice.ErrorValidationsTest@561b6512]" started-at="2025-04-18T18:22:04 EDT" name="loginErrorValidation" finished-at="2025-04-18T18:22:05 EDT" duration-ms="734" status="PASS">
          <reporter-output>
          </reporter-output>
        </test-method> <!-- loginErrorValidation -->
        <test-method is-config="true" signature="tearDown()[pri:0, instance:AutomationTestingPractice.ErrorValidationsTest@561b6512]" started-at="2025-04-18T18:22:05 EDT" name="tearDown" finished-at="2025-04-18T18:22:05 EDT" duration-ms="93" status="PASS">
          <reporter-output>
          </reporter-output>
        </test-method> <!-- tearDown -->
      </class> <!-- AutomationTestingPractice.ErrorValidationsTest -->
    </test> <!-- Error Validation Test -->
  </suite> <!-- Suite -->
</testng-results>
